\BOOKMARK [0][-]{chapter.1}{\376\377\000\040\006\107\006\105\006\063\006\047\006\106\006\314\000\040\006\050\006\314\006\106\000\040\006\056\006\105\040\014\006\107\006\047\006\314\000\040\006\050\006\314\006\066\006\110\006\314}{}% 1
\BOOKMARK [1][-]{section.1.1}{\376\377\006\056\006\105\000\040\006\050\006\314\006\066\006\110\006\314}{chapter.1}% 2
\BOOKMARK [1][-]{section.1.2}{\376\377\000\040\000j\000-\006\176\006\047\006\314\006\047\006\314\000\040\006\314\006\251\000\040\006\056\006\105\000\040}{chapter.1}% 3
\BOOKMARK [1][-]{section.1.3}{\376\377\006\314\006\251\006\061\006\314\006\056\006\052\006\314\000\040\006\056\006\105\040\014\006\107\006\047\006\314\000\040\006\050\006\314\006\066\006\110\006\314}{chapter.1}% 4
\BOOKMARK [1][-]{section.1.4}{\376\377\006\057\006\061\006\110\006\106\040\014\006\061\006\314\006\056\006\052\006\314\000\040\006\056\006\105\040\014\006\107\006\047\006\314\000\040\006\050\006\314\006\066\006\110\006\314}{chapter.1}% 5
\BOOKMARK [1][-]{section.1.5}{\376\377\006\056\006\105\040\014\006\107\006\047\006\314\000\040\006\050\006\314\006\066\006\110\006\314\000\040\006\061\006\110\006\314\000\040\006\105\006\314\006\057\006\047\006\106\040\014\006\107\006\047\006\314\000\040\006\105\006\052\006\106\006\047\006\107\006\314}{chapter.1}% 6
\BOOKMARK [1][-]{section.1.6}{\376\377\006\106\006\102\006\047\006\067\000\040\006\052\006\047\006\050\006\314\000\040\006\057\006\061\000\040\006\056\006\105\040\014\006\107\006\047\006\314\000\040\006\050\006\314\006\066\006\110\006\314}{chapter.1}% 7
\BOOKMARK [1][-]{section.1.7}{\376\377\006\062\006\110\006\054\006\314\006\052\000\040\006\110\006\047\006\314\006\104}{chapter.1}% 8
\BOOKMARK [1][-]{section.1.8}{\376\377\006\107\006\105\006\063\006\047\006\106\006\314\000\040}{chapter.1}% 9
\BOOKMARK [1][-]{section.1.9}{\376\377\006\057\006\110\006\257\006\047\006\106\000\040\006\107\006\105\006\063\006\047\006\106\006\314}{chapter.1}% 10
\BOOKMARK [2][-]{subsection.1.9.1}{\376\377\006\056\006\110\006\047\006\065\000\040\006\057\006\110\006\257\006\047\006\106\000\040\006\107\006\105\006\063\006\047\006\106\006\314}{section.1.9}% 11
\BOOKMARK [2][-]{subsection.1.9.2}{\376\377\006\101\006\061\006\105\006\110\006\104\000\040\006\110\006\104\006\110}{section.1.9}% 12
\BOOKMARK [0][-]{chapter.2}{\376\377\006\047\006\105\006\066\006\047\006\314\040\014\006\057\006\314\006\054\006\314\006\052\006\047\006\104}{}% 13
\BOOKMARK [1][-]{section.2.1}{\376\377\000\040\006\067\006\061\006\055\040\014\006\107\006\047\006\314\000\040\006\052\006\071\006\107\006\057}{chapter.2}% 14
\BOOKMARK [2][-]{subsection.2.1.1}{\376\377\006\105\006\071\006\061\006\101\006\314}{section.2.1}% 15
\BOOKMARK [2][-]{subsection.2.1.2}{\376\377\006\067\006\061\006\055\000\040\006\052\006\071\006\107\006\057\000\040\006\057\006\061\000\040\006\047\006\053\006\050\006\047\006\052\000\040\006\057\006\047\006\106\006\064\000\040\006\065\006\101\006\061}{section.2.1}% 16
\BOOKMARK [1][-]{section.2.2}{\376\377\006\047\006\053\006\050\006\047\006\052\000\040\006\057\006\047\006\106\006\064\000\040\006\065\006\101\006\061\000\040\006\107\006\110\006\314\006\052}{chapter.2}% 17
\BOOKMARK [1][-]{section.2.3}{\376\377\006\176\006\061\006\110\006\052\006\251\006\104\040\014\006\107\006\047\006\314\000\040\006\064\006\106\006\047\006\063\006\047\006\314\006\314}{chapter.2}% 18
\BOOKMARK [2][-]{subsection.2.3.1}{\376\377\006\105\006\071\006\061\006\101\006\314}{section.2.3}% 19
\BOOKMARK [2][-]{subsection.2.3.2}{\376\377\006\047\006\105\006\106\006\314\006\052\000\040\006\067\006\061\006\055\000\040\006\064\006\106\006\047\006\063\006\047\006\314\006\314\000\040}{section.2.3}% 20
\BOOKMARK [2][-]{subsection.2.3.3}{\376\377\006\176\006\061\006\110\006\052\006\251\006\104\040\014\006\107\006\047\006\314\000\040\006\176\006\061\006\063\006\064\000-\006\176\006\047\006\063\006\056\000\040\006\047\006\065\006\104\006\314\000\040}{section.2.3}% 21
\BOOKMARK [3][-]{subsubsection.2.3.3.1}{\376\377\006\061\006\105\006\062\006\106\006\257\006\047\006\061\006\314\000\040\006\105\006\052\006\102\006\047\006\061\006\106\000\040}{subsection.2.3.3}% 22
\BOOKMARK [3][-]{subsubsection.2.3.3.2}{\376\377\006\047\006\055\006\061\006\047\006\062\006\107\006\110\006\314\006\052\000\040\006\105\006\052\006\102\006\047\006\061\006\106\000\040}{subsection.2.3.3}% 23
\BOOKMARK [3][-]{subsubsection.2.3.3.3}{\376\377\006\061\006\105\006\062\006\257\006\060\006\047\006\061\006\314\000\040\006\106\006\047\006\105\006\052\006\102\006\047\006\061\006\106\000\040}{subsection.2.3.3}% 24
\BOOKMARK [3][-]{subsubsection.2.3.3.4}{\376\377\006\047\006\055\006\061\006\047\006\062\006\107\006\110\006\314\006\052\000\040\006\106\006\047\006\105\006\052\006\102\006\047\006\061\006\106}{subsection.2.3.3}% 25
\BOOKMARK [2][-]{subsection.2.3.4}{\376\377\006\176\006\061\006\110\006\052\006\251\006\104\000\040\006\064\006\106\006\047\006\063\006\047\006\314\006\314\000\040\006\057\006\047\006\106\006\064\000\040\006\065\006\101\006\061}{section.2.3}% 26
\BOOKMARK [3][-]{subsubsection.2.3.4.1}{\376\377\006\176\006\061\006\110\006\052\006\251\006\104\000\040\006\057\006\047\006\106\006\064\040\014\006\065\006\101\006\061\000\040\006\047\006\064\006\106\006\110\006\061}{subsection.2.3.4}% 27
\BOOKMARK [4][-]{paragraph.2.3.4.1.1}{\376\377\006\110\006\314\006\230\006\257\006\314\000\040\006\065\006\057\006\047\006\102\006\052}{subsubsection.2.3.4.1}% 28
\BOOKMARK [4][-]{paragraph.2.3.4.1.2}{\376\377\006\110\006\314\006\230\006\257\006\314\000\040\006\057\006\047\006\106\006\064\040\014\006\065\006\101\006\061}{subsubsection.2.3.4.1}% 29
\BOOKMARK [3][-]{subsubsection.2.3.4.2}{\376\377\006\176\006\061\006\110\006\052\006\251\006\104\000\040\006\047\006\064\006\106\006\110\006\061}{subsection.2.3.4}% 30
\BOOKMARK [2][-]{subsection.2.3.5}{\376\377\006\047\006\053\006\050\006\047\006\052\000\040\006\057\006\047\006\106\006\064\040\014\006\065\006\101\006\061}{section.2.3}% 31
\BOOKMARK [3][-]{subsubsection.2.3.5.1}{\376\377\006\176\006\061\006\110\006\052\006\251\006\104\000\040\006\062\006\314\006\257\006\105\006\047}{subsection.2.3.5}% 32
\BOOKMARK [3][-]{subsubsection.2.3.5.2}{\376\377\006\176\006\061\006\110\006\052\006\251\006\104\000\040\006\062\006\314\006\257\006\105\006\047\006\112\000\040\006\072\006\314\006\061\006\052\006\071\006\047\006\105\006\104\006\314}{subsection.2.3.5}% 33
\BOOKMARK [3][-]{subsubsection.2.3.5.3}{\376\377\006\047\006\105\006\066\006\047\006\314\000\040\006\057\006\314\006\054\006\314\006\052\006\047\006\104\000\040\006\047\006\062\006\067\006\061\006\314\006\102\000\040\006\176\006\061\006\110\006\052\006\251\006\104\000\040\006\062\006\314\006\257\006\105\006\047}{subsection.2.3.5}% 34
\BOOKMARK [0][-]{chapter.3}{\376\377\006\047\006\105\006\066\006\047\006\314\000\040\006\057\006\314\006\054\006\314\006\052\006\047\006\104\000\040\006\050\006\061\000\040\006\047\006\063\006\047\006\063\000\040\006\107\006\105\006\063\006\047\006\106\006\314\040\014\006\107\006\047}{}% 35
\BOOKMARK [1][-]{section.3.1}{\376\377\000\040\006\176\006\061\006\110\006\052\006\251\006\104\040\014\006\107\006\047\006\314\000\040\006\047\006\053\006\050\006\047\006\052\000\040}{chapter.3}% 36
\BOOKMARK [2][-]{subsection.3.1.1}{\376\377\000\040\006\176\006\061\006\110\006\052\006\251\006\104\000\040\006\062\006\314\006\257\006\105\006\047}{section.3.1}% 37
\BOOKMARK [3][-]{subsubsection.3.1.1.1}{\376\377\000\040\006\052\006\071\006\061\006\314\006\101\000\040}{subsection.3.1.1}% 38
\BOOKMARK [2][-]{subsection.3.1.2}{\376\377\006\063\006\314\006\063\006\052\006\105\000\040\006\047\006\053\006\050\006\047\006\052\000\040\006\072\006\314\006\061\006\052\006\071\006\047\006\105\006\104\006\314\000\040}{section.3.1}% 39
\BOOKMARK [2][-]{subsection.3.1.3}{\376\377\006\063\006\047\006\056\006\052\000\040\006\042\006\106\006\061\006\107}{section.3.1}% 40
\BOOKMARK [3][-]{subsubsection.3.1.3.1}{\376\377\006\047\006\104\006\257\006\110\006\061\006\314\006\052\006\105\000\040\006\047\006\053\006\050\006\047\006\052\040\014\006\251\006\106\006\106\006\057\006\107}{subsection.3.1.3}% 41
\BOOKMARK [3][-]{subsubsection.3.1.3.2}{\376\377\006\047\006\104\006\257\006\110\006\061\006\314\006\052\006\105\000\040\006\052\006\047\006\314\006\314\006\057\006\251\006\106\006\106\006\057\006\107}{subsection.3.1.3}% 42
\BOOKMARK [1][-]{section.3.2}{\376\377\006\063\006\047\006\056\006\052\000\040\006\042\006\106\006\061\006\107}{chapter.3}% 43
\BOOKMARK [2][-]{subsection.3.2.1}{\376\377\006\176\006\061\006\110\006\052\006\251\006\104\000\040\006\062\006\314\006\257\006\105\006\047}{section.3.2}% 44
\BOOKMARK [2][-]{subsection.3.2.2}{\376\377\006\063\006\314\006\063\006\052\006\105\000\040\006\047\006\053\006\050\006\047\006\052\000\040\006\072\006\314\006\061\006\052\006\071\006\047\006\105\006\104\006\314\000\040}{section.3.2}% 45
\BOOKMARK [2][-]{subsection.3.2.3}{\376\377\006\063\006\047\006\056\006\052\000\040\006\042\006\106\006\061\006\107}{section.3.2}% 46
\BOOKMARK [3][-]{subsubsection.3.2.3.1}{\376\377\006\047\006\104\006\257\006\110\006\061\006\314\006\052\006\105\000\040\006\047\006\053\006\050\006\047\006\052\040\014\006\251\006\106\006\106\006\057\006\107}{subsection.3.2.3}% 47
\BOOKMARK [3][-]{subsubsection.3.2.3.2}{\376\377\006\047\006\104\006\257\006\110\006\061\006\314\006\052\006\105\000\040\006\052\006\047\006\314\006\314\006\057\006\251\006\106\006\106\006\057\006\107}{subsection.3.2.3}% 48
\BOOKMARK [2][-]{subsection.3.2.4}{\376\377\006\047\006\105\006\066\006\047\000\040\006\050\006\061\006\047\006\063\006\047\006\063\000\040\006\047\006\053\006\050\006\047\006\052\000\040\006\057\006\047\006\106\006\064\000\040\006\065\006\101\006\061\000\040\006\072\006\314\006\061\006\052\006\071\006\047\006\105\006\104\006\314\000\040}{section.3.2}% 49
\BOOKMARK [1][-]{section.3.3}{\376\377\006\047\006\105\006\066\006\047\006\314\000\040\006\057\006\314\006\054\006\314\006\052\006\047\006\104\000\040\006\107\006\105\006\063\006\047\006\106\006\314\000\040\006\105\006\050\006\106\006\047}{chapter.3}% 50
\BOOKMARK [2][-]{subsection.3.3.1}{\376\377\006\047\006\104\006\257\006\110\006\061\006\314\006\052\006\105\000\040\006\052\006\110\006\104\006\314\006\057\006\251\006\104\006\314\006\057}{section.3.3}% 51
\BOOKMARK [2][-]{subsection.3.3.2}{\376\377\006\047\006\104\006\257\006\110\006\061\006\314\006\052\006\105\000\040\006\047\006\105\006\066\006\047}{section.3.3}% 52
\BOOKMARK [2][-]{subsection.3.3.3}{\376\377\006\047\006\104\006\257\006\110\006\061\006\314\006\052\006\105\000\040\006\052\006\047\006\314\006\314\006\057\000\040\006\047\006\105\006\066\006\047}{section.3.3}% 53
\BOOKMARK [1][-]{section.3.4}{\376\377\006\054\006\106\006\050\006\107\040\014\006\107\006\047\006\314\000\040\006\047\006\104\006\257\006\110\006\061\006\314\006\052\006\105\006\314}{chapter.3}% 54
\BOOKMARK [2][-]{subsection.3.4.1}{\376\377\000\040\006\052\006\110\006\104\006\314\006\057\000\040\006\176\006\047\006\061\006\047\006\105\006\052\006\061\006\107\006\047}{section.3.4}% 55
\BOOKMARK [2][-]{subsection.3.4.2}{\376\377\006\176\006\314\006\057\006\047\000\040\006\251\006\061\006\057\006\106\000\040\006\105\006\110\006\104\006\057\006\107\006\047\006\314\000\040\006\062\006\314\006\061\006\257\006\061\006\110\006\107\000\040\006\052\006\047\006\050\006\314}{section.3.4}% 56
\BOOKMARK [2][-]{subsection.3.4.3}{\376\377\006\052\006\050\006\047\006\057\006\104\000\040\006\251\006\104\006\314\006\057\000\040}{section.3.4}% 57
\BOOKMARK [2][-]{subsection.3.4.4}{\376\377\006\063\006\047\006\057\006\107\040\014\006\063\006\047\006\062\006\314\000\040\006\106\006\102\006\047\006\067\000\040\006\052\006\047\006\050\040\014\006\057\006\047\006\061}{section.3.4}% 58
\BOOKMARK [2][-]{subsection.3.4.5}{\376\377\006\105\006\055\006\047\006\063\006\050\006\107\000\040\006\107\006\105\006\063\006\047\006\106\006\314\040\014\006\107\006\047\006\314\000\040\006\050\006\047\000\040\006\057\006\061\006\054\006\107\000\040\006\107\006\105\006\110\006\047\006\061}{section.3.4}% 59
\BOOKMARK [2][-]{subsection.3.4.6}{\376\377\006\047\006\106\006\052\006\056\006\047\006\050\000\040\006\105\006\057\006\104}{section.3.4}% 60
\BOOKMARK [2][-]{subsection.3.4.7}{\376\377\000\040\006\047\006\106\006\057\006\047\006\062\006\107\000\040\006\176\006\047\006\061\006\047\006\105\006\052\006\061}{section.3.4}% 61
\BOOKMARK [3][-]{subsubsection.3.4.7.1}{\376\377\006\101\006\064\006\061\006\057\006\107\040\014\006\063\006\047\006\062\006\314\000\040\006\047\006\105\006\066\006\047}{subsection.3.4.7}% 62
\BOOKMARK [3][-]{subsubsection.3.4.7.2}{\376\377\006\063\006\106\006\054\006\064}{subsection.3.4.7}% 63
\BOOKMARK [0][-]{chapter.4}{\376\377\006\047\006\105\006\106\006\314\006\052\000\040\006\067\006\061\006\055\000\040\006\047\006\105\006\066\006\047\006\314\000\040\006\057\006\314\006\054\006\314\006\052\006\047\006\104\000\040\006\107\006\105\006\063\006\047\006\106\006\314\000\040\006\105\006\050\006\106\006\047}{}% 64
\BOOKMARK [1][-]{section.4.1}{\376\377\006\047\006\105\006\106\006\314\006\052\000\040\006\047\006\053\006\050\006\047\006\052\000\040\006\057\006\047\006\106\006\064\000\040\006\065\006\101\006\061}{chapter.4}% 65
\BOOKMARK [1][-]{section.4.2}{\376\377\006\047\006\105\006\106\006\314\006\052\000\040\006\047\006\105\006\066\006\047}{chapter.4}% 66
\BOOKMARK [1][-]{section.4.3}{\376\377\006\052\006\071\006\057\006\047\006\057\000\040\006\105\006\061\006\047\006\055\006\104}{chapter.4}% 67
\BOOKMARK [1][-]{section.4.4}{\376\377\006\054\006\106\006\050\006\107\040\014\006\107\006\047\006\314\000\040\006\047\006\104\006\257\006\110\006\061\006\314\006\052\006\105\006\314}{chapter.4}% 68
\BOOKMARK [2][-]{subsection.4.4.1}{\376\377\000\040\006\052\006\110\006\104\006\314\006\057\000\040\006\176\006\047\006\061\006\047\006\105\006\052\006\061\006\107\006\047}{section.4.4}% 69
\BOOKMARK [2][-]{subsection.4.4.2}{\376\377\006\176\006\314\006\057\006\047\000\040\006\251\006\061\006\057\006\106\000\040\006\105\006\110\006\104\006\057\006\107\006\047\006\314\000\040\006\062\006\314\006\061\006\257\006\061\006\110\006\107\000\040\006\052\006\047\006\050\006\314}{section.4.4}% 70
\BOOKMARK [2][-]{subsection.4.4.3}{\376\377\006\052\006\050\006\047\006\057\006\104\000\040\006\251\006\104\006\314\006\057\000\040}{section.4.4}% 71
\BOOKMARK [2][-]{subsection.4.4.4}{\376\377\006\063\006\047\006\057\006\107\040\014\006\063\006\047\006\062\006\314\000\040\006\106\006\102\006\047\006\067\000\040\006\052\006\047\006\050\040\014\006\057\006\047\006\061}{section.4.4}% 72
\BOOKMARK [2][-]{subsection.4.4.5}{\376\377\006\105\006\055\006\047\006\063\006\050\006\107\000\040\006\107\006\105\006\063\006\047\006\106\006\314\040\014\006\107\006\047\006\314\000\040\006\050\006\047\000\040\006\057\006\061\006\054\006\107\000\040\006\107\006\105\006\110\006\047\006\061}{section.4.4}% 73
\BOOKMARK [2][-]{subsection.4.4.6}{\376\377\006\047\006\106\006\052\006\056\006\047\006\050\000\040\006\105\006\057\006\104}{section.4.4}% 74
\BOOKMARK [2][-]{subsection.4.4.7}{\376\377\000\040\006\047\006\106\006\057\006\047\006\062\006\107\000\040\006\176\006\047\006\061\006\047\006\105\006\052\006\061}{section.4.4}% 75
\BOOKMARK [3][-]{subsubsection.4.4.7.1}{\376\377\006\101\006\064\006\061\006\057\006\107\040\014\006\063\006\047\006\062\006\314\000\040\006\047\006\105\006\066\006\047}{subsection.4.4.7}% 76
\BOOKMARK [3][-]{subsubsection.4.4.7.2}{\376\377\006\063\006\106\006\054\006\064}{subsection.4.4.7}% 77
\BOOKMARK [2][-]{subsection.4.4.8}{\376\377\000\040\006\047\006\106\006\057\006\047\006\062\006\107\000\040\006\176\006\047\006\061\006\047\006\105\006\052\006\061}{section.4.4}% 78
\BOOKMARK [3][-]{subsubsection.4.4.8.1}{\376\377\006\101\006\064\006\061\006\057\006\107\040\014\006\063\006\047\006\062\006\314\000\040\006\047\006\105\006\066\006\047}{subsection.4.4.8}% 79
\BOOKMARK [3][-]{subsubsection.4.4.8.2}{\376\377\006\063\006\106\006\054\006\064}{subsection.4.4.8}% 80
\BOOKMARK [0][-]{table.caption.11}{\376\377\006\110\006\047\006\230\006\107\000\040\006\106\006\047\006\105\006\107}{}% 81
